#
# There is insufficient memory for the Java Runtime Environment to continue.
# Native memory allocation (malloc) failed to allocate 284656 bytes for Chunk::new
# Possible reasons:
#   The system is out of physical RAM or swap space
#   The process is running with CompressedOops enabled, and the Java Heap may be blocking the growth of the native heap
# Possible solutions:
#   Reduce memory load on the system
#   Increase physical memory or swap space
#   Check if swap backing store is full
#   Decrease Java heap size (-Xmx/-Xms)
#   Decrease number of Java threads
#   Decrease Java thread stack sizes (-Xss)
#   Set larger code cache with -XX:ReservedCodeCacheSize=
#   JVM is running with Unscaled Compressed Oops mode in which the Java heap is
#     placed in the first 4GB address space. The Java Heap base address is the
#     maximum limit for the native heap growth. Please use -XX:HeapBaseMinAddress
#     to set the Java Heap base and to place the Java Heap above 4GB virtual address.
# This output file may be truncated or incomplete.
#
#  Out of Memory Error (arena.cpp:168), pid=15896, tid=788
#
# JRE version: OpenJDK Runtime Environment Corretto-21.0.2.13.1 (21.0.2+13) (build 21.0.2+13-LTS)
# Java VM: OpenJDK 64-Bit Server VM Corretto-21.0.2.13.1 (21.0.2+13-LTS, mixed mode, sharing, tiered, compressed oops, compressed class ptrs, g1 gc, windows-amd64)
# No core dump will be written. Minidumps are not enabled by default on client versions of Windows
#

---------------  S U M M A R Y ------------

Command Line: -javaagent:C:\Program Files\JetBrains\IntelliJ IDEA Community Edition 2024.2.3\lib\idea_rt.jar=53527:C:\Program Files\JetBrains\IntelliJ IDEA Community Edition 2024.2.3\bin -Dfile.encoding=UTF-8 -Dsun.stdout.encoding=UTF-8 -Dsun.stderr.encoding=UTF-8 --module-path=C:\Users\PC\.m2\repository\org\kordamp\ikonli\ikonli-core\12.3.1\ikonli-core-12.3.1.jar;C:\Users\PC\.m2\repository\org\openjfx\javafx-graphics\21\javafx-graphics-21-win.jar;C:\Users\PC\.m2\repository\org\kordamp\ikonli\ikonli-javafx\12.3.1\ikonli-javafx-12.3.1.jar;C:\Users\PC\.m2\repository\org\jfree\jfreechart\1.5.3\jfreechart-1.5.3.jar;C:\Users\PC\.m2\repository\com\github\almasb\fxgl-scene\17.3\fxgl-scene-17.3.jar;C:\Users\PC\.m2\repository\org\kordamp\bootstrapfx\bootstrapfx-core\0.4.0\bootstrapfx-core-0.4.0.jar;C:\Users\PC\.m2\repository\org\openjfx\javafx-fxml\21\javafx-fxml-21-win.jar;C:\Users\PC\.m2\repository\org\openjfx\javafx-base\21\javafx-base-21-win.jar;C:\Users\PC\.m2\repository\org\openjfx\javafx-web\21\javafx-web-21-win.jar;C:\Users\PC\IdeaProjects\DataVisFX\target\classes;C:\Users\PC\.m2\repository\com\fasterxml\jackson\core\jackson-annotations\2.14.2\jackson-annotations-2.14.2.jar;C:\Users\PC\.m2\repository\com\github\almasb\fxgl-gameplay\17.3\fxgl-gameplay-17.3.jar;C:\Users\PC\.m2\repository\eu\hansolo\fx\countries\21.0.3\countries-21.0.3.jar;C:\Users\PC\.m2\repository\com\github\almasb\fxgl\17.3\fxgl-17.3.jar;C:\Users\PC\.m2\repository\org\controlsfx\controlsfx\11.2.1\controlsfx-11.2.1.jar;C:\Users\PC\.m2\repository\eu\hansolo\toolboxfx\21.0.3\toolboxfx-21.0.3.jar;C:\Users\PC\.m2\repository\eu\hansolo\fx\heatmap\21.0.3\heatmap-21.0.3.jar;C:\Users\PC\.m2\repository\org\jetbrains\kotlin\kotlin-stdlib\1.8.10\kotlin-stdlib-1.8.10.jar;C:\Users\PC\.m2\repository\org\openjfx\javafx-controls\21\javafx-controls-21-win.jar;C:\Users\PC\.m2\repository\com\gluonhq\attach\audio\4.0.17\audio-4.0.17.jar;C:\Users\PC\.m2\repository\com\github\almasb\fxgl-core\17.3\fxgl-core-17.3.jar;C:\Users\PC\.m2\repository\eu\hansolo\toolbox\21.0.5\toolbox-21.0.5.jar;C:\Users\PC\.m2\repository\eu\hansolo\tilesfx\21.0.3\tilesfx-21.0.3.jar;C:\Users\PC\.m2\repository\com\gluonhq\attach\util\4.0.17\util-4.0.17.jar;C:\Users\PC\.m2\repository\com\github\almasb\fxgl-en-Djdk.module.main=com.example.datavisfx com.example.datavisfx/com.example.datavisfx.MainApplication

Host: 12th Gen Intel(R) Core(TM) i5-1240P, 16 cores, 7G,  Windows 11 , 64 bit Build 22621 (10.0.22621.3958)
Time: Fri Nov  1 22:22:31 2024 Egypt Standard Time elapsed time: 2.153942 seconds (0d 0h 0m 2s)

---------------  T H R E A D  ---------------

Current thread (0x000001b8f8917d90):  JavaThread "C2 CompilerThread0" daemon [_thread_in_native, id=788, stack(0x000000897d900000,0x000000897da00000) (1024K)]


Current CompileTask:
C2:   2154 1370       4       java.io.DataInputStream::readUTF (501 bytes)

Stack: [0x000000897d900000,0x000000897da00000]
Native frames: (J=compiled Java code, j=interpreted, Vv=VM code, C=native code)
V  [jvm.dll+0x6d47f9]
V  [jvm.dll+0x8afff3]
V  [jvm.dll+0x8b234e]
V  [jvm.dll+0x8b2a33]
V  [jvm.dll+0x284e96]
V  [jvm.dll+0xc600d]
V  [jvm.dll+0xc6543]
V  [jvm.dll+0x2fa211]
V  [jvm.dll+0x5fc369]
V  [jvm.dll+0x25643f]
V  [jvm.dll+0x25681f]
V  [jvm.dll+0x24f005]
V  [jvm.dll+0x24c875]
V  [jvm.dll+0x1cbb54]
V  [jvm.dll+0x25bf99]
V  [jvm.dll+0x25a58b]
V  [jvm.dll+0x3f6106]
V  [jvm.dll+0x8586f8]
V  [jvm.dll+0x6d303d]
C  [ucrtbase.dll+0x29333]
C  [KERNEL32.DLL+0x1257d]
C  [ntdll.dll+0x5af08]


---------------  P R O C E S S  ---------------

Threads class SMR info:
_java_thread_list=0x000001b8fe6f4c30, length=22, elements={
0x000001b8d90e8550, 0x000001b8f8907cd0, 0x000001b8f89089f0, 0x000001b8f8909bd0,
0x000001b8f890b640, 0x000001b8f890c1d0, 0x000001b8f8916d80, 0x000001b8f8917d90,
0x000001b8f8918830, 0x000001b8f8ab87e0, 0x000001b8f8ab8e90, 0x000001b8f8b54540,
0x000001b8f8bef050, 0x000001b8fd42b620, 0x000001b8fd565f10, 0x000001b8f8d20260,
0x000001b8fdba0010, 0x000001b8f8c67c50, 0x000001b8fe5959c0, 0x000001b8fe5abef0,
0x000001b8fe5e3410, 0x000001b8fe5e3ac0
}

Java Threads: ( => current thread )
  0x000001b8d90e8550 JavaThread "main"                              [_thread_blocked, id=5744, stack(0x000000897cb00000,0x000000897cc00000) (1024K)]
  0x000001b8f8907cd0 JavaThread "Reference Handler"          daemon [_thread_blocked, id=11268, stack(0x000000897d300000,0x000000897d400000) (1024K)]
  0x000001b8f89089f0 JavaThread "Finalizer"                  daemon [_thread_blocked, id=1648, stack(0x000000897d400000,0x000000897d500000) (1024K)]
  0x000001b8f8909bd0 JavaThread "Signal Dispatcher"          daemon [_thread_blocked, id=4684, stack(0x000000897d500000,0x000000897d600000) (1024K)]
  0x000001b8f890b640 JavaThread "Attach Listener"            daemon [_thread_blocked, id=896, stack(0x000000897d600000,0x000000897d700000) (1024K)]
  0x000001b8f890c1d0 JavaThread "Service Thread"             daemon [_thread_blocked, id=6112, stack(0x000000897d700000,0x000000897d800000) (1024K)]
  0x000001b8f8916d80 JavaThread "Monitor Deflation Thread"   daemon [_thread_blocked, id=16556, stack(0x000000897d800000,0x000000897d900000) (1024K)]
=>0x000001b8f8917d90 JavaThread "C2 CompilerThread0"         daemon [_thread_in_native, id=788, stack(0x000000897d900000,0x000000897da00000) (1024K)]
  0x000001b8f8918830 JavaThread "C1 CompilerThread0"         daemon [_thread_blocked, id=13896, stack(0x000000897da00000,0x000000897db00000) (1024K)]
  0x000001b8f8ab87e0 JavaThread "C1 CompilerThread1"         daemon [_thread_blocked, id=17168, stack(0x000000897db00000,0x000000897dc00000) (1024K)]
  0x000001b8f8ab8e90 JavaThread "C1 CompilerThread2"         daemon [_thread_blocked, id=2268, stack(0x000000897dc00000,0x000000897dd00000) (1024K)]
  0x000001b8f8b54540 JavaThread "Common-Cleaner"             daemon [_thread_blocked, id=2940, stack(0x000000897dd00000,0x000000897de00000) (1024K)]
  0x000001b8f8bef050 JavaThread "C1 CompilerThread3"         daemon [_thread_in_vm, id=11204, stack(0x000000897de00000,0x000000897df00000) (1024K)]
  0x000001b8fd42b620 JavaThread "Monitor Ctrl-Break"         daemon [_thread_in_native, id=10884, stack(0x000000897e200000,0x000000897e300000) (1024K)]
  0x000001b8fd565f10 JavaThread "Notification Thread"        daemon [_thread_blocked, id=16896, stack(0x000000897e300000,0x000000897e400000) (1024K)]
  0x000001b8f8d20260 JavaThread "QuantumRenderer-0"          daemon [_thread_blocked, id=12184, stack(0x000000897e000000,0x000000897e100000) (1024K)]
  0x000001b8fdba0010 JavaThread "InvokeLaterDispatcher"      daemon [_thread_blocked, id=16284, stack(0x000000897df00000,0x000000897e000000) (1024K)]
  0x000001b8f8c67c50 JavaThread "JavaFX Application Thread"         [_thread_in_vm, id=4612, stack(0x000000897e400000,0x000000897e500000) (1024K)]
  0x000001b8fe5959c0 JavaThread "Thread-1"                   daemon [_thread_in_native, id=3624, stack(0x000000897f010000,0x000000897f110000) (1024K)]
  0x000001b8fe5abef0 JavaThread "JavaFX-Launcher"                   [_thread_blocked, id=7328, stack(0x000000897f110000,0x000000897f210000) (1024K)]
  0x000001b8fe5e3410 JavaThread "C2 CompilerThread1"         daemon [_thread_in_native, id=8724, stack(0x000000897f210000,0x000000897f310000) (1024K)]
  0x000001b8fe5e3ac0 JavaThread "C2 CompilerThread2"         daemon [_thread_in_native, id=12364, stack(0x000000897f310000,0x000000897f410000) (1024K)]
Total: 22

Other Threads:
  0x000001b8f88e8b30 VMThread "VM Thread"                           [id=3488, stack(0x000000897d200000,0x000000897d300000) (1024K)]
  0x000001b8f88cfee0 WatcherThread "VM Periodic Task Thread"        [id=17200, stack(0x000000897d100000,0x000000897d200000) (1024K)]
  0x000001b8db3d59d0 WorkerThread "GC Thread#0"                     [id=12892, stack(0x000000897cc00000,0x000000897cd00000) (1024K)]
  0x000001b8fd5e7070 WorkerThread "GC Thread#1"                     [id=10572, stack(0x000000897e500000,0x000000897e600000) (1024K)]
  0x000001b8fda20890 WorkerThread "GC Thread#2"                     [id=7128, stack(0x000000897e600000,0x000000897e700000) (1024K)]
  0x000001b8fda20c30 WorkerThread "GC Thread#3"                     [id=13280, stack(0x000000897e700000,0x000000897e800000) (1024K)]
  0x000001b8fd74ad20 WorkerThread "GC Thread#4"                     [id=13980, stack(0x000000897e800000,0x000000897e900000) (1024K)]
  0x000001b8fdc5f870 WorkerThread "GC Thread#5"                     [id=7856, stack(0x000000897e900000,0x000000897ea00000) (1024K)]
  0x000001b8db3e6260 ConcurrentGCThread "G1 Main Marker"            [id=17236, stack(0x000000897cd00000,0x000000897ce00000) (1024K)]
  0x000001b8db3e6d60 WorkerThread "G1 Conc#0"                       [id=10620, stack(0x000000897ce00000,0x000000897cf00000) (1024K)]
  0x000001b8db43e170 ConcurrentGCThread "G1 Refine#0"               [id=824, stack(0x000000897cf00000,0x000000897d000000) (1024K)]
  0x000001b8f87a6d80 ConcurrentGCThread "G1 Service"                [id=9452, stack(0x000000897d000000,0x000000897d100000) (1024K)]
Total: 12

Threads with active compile tasks:
C2 CompilerThread0     2192 1370       4       java.io.DataInputStream::readUTF (501 bytes)
C1 CompilerThread3     2192 1463   !   3       com.sun.javafx.css.ParsedValueImpl::readBinary (691 bytes)
C2 CompilerThread1     2192 1416       4       java.io.BufferedInputStream::read1 (121 bytes)
C2 CompilerThread2     2193 1458       4       java.util.zip.ZipFile::getZipEntry (322 bytes)
Total: 4

VM state: not at safepoint (normal execution)

VM Mutex/Monitor currently owned by a thread:  ([mutex/lock_event])
[0x00007ffdc985e0b8] Metaspace_lock - owner thread: 0x000001b8f8bef050

Heap address: 0x0000000084800000, size: 1976 MB, Compressed Oops mode: 32-bit

CDS archive(s) mapped at: [0x000001b880000000-0x000001b880c90000-0x000001b880c90000), size 13172736, SharedBaseAddress: 0x000001b880000000, ArchiveRelocationMode: 1.
Compressed class space mapped at: 0x000001b881000000-0x000001b8c1000000, reserved size: 1073741824
Narrow klass base: 0x000001b880000000, Narrow klass shift: 0, Narrow klass range: 0x100000000

GC Precious Log:
 CardTable entry size: 512
 Card Set container configuration: InlinePtr #cards 5 size 8 Array Of Cards #cards 12 size 40 Howl #buckets 4 coarsen threshold 1843 Howl Bitmap #cards 512 size 80 coarsen threshold 460 Card regions per heap region 1 cards per card region 2048
 CPUs: 16 total, 16 available
 Memory: 7896M
 Large Page Support: Disabled
 NUMA Support: Disabled
 Compressed Oops: Enabled (32-bit)
 Heap Region Size: 1M
 Heap Min Capacity: 8M
 Heap Initial Capacity: 124M
 Heap Max Capacity: 1976M
 Pre-touch: Disabled
 Parallel Workers: 13
 Concurrent Workers: 3
 Concurrent Refinement Workers: 13
 Periodic GC: Disabled

Heap:
 garbage-first heap   total 126976K, used 22840K [0x0000000084800000, 0x0000000100000000)
  region size 1024K, 25 young (25600K), 3 survivors (3072K)
 Metaspace       used 8883K, committed 9088K, reserved 1114112K
  class space    used 1147K, committed 1280K, reserved 1048576K

Heap Regions: E=young(eden), S=young(survivor), O=old, HS=humongous(starts), HC=humongous(continues), CS=collection set, F=free, TAMS=top-at-mark-start, PB=parsable bottom
|   0|0x0000000084800000, 0x0000000084800000, 0x0000000084900000|  0%| F|  |TAMS 0x0000000084800000| PB 0x0000000084800000| Untracked 
|   1|0x0000000084900000, 0x0000000084900000, 0x0000000084a00000|  0%| F|  |TAMS 0x0000000084900000| PB 0x0000000084900000| Untracked 
|   2|0x0000000084a00000, 0x0000000084a00000, 0x0000000084b00000|  0%| F|  |TAMS 0x0000000084a00000| PB 0x0000000084a00000| Untracked 
|   3|0x0000000084b00000, 0x0000000084b00000, 0x0000000084c00000|  0%| F|  |TAMS 0x0000000084b00000| PB 0x0000000084b00000| Untracked 
|   4|0x0000000084c00000, 0x0000000084c00000, 0x0000000084d00000|  0%| F|  |TAMS 0x0000000084c00000| PB 0x0000000084c00000| Untracked 
|   5|0x0000000084d00000, 0x0000000084d00000, 0x0000000084e00000|  0%| F|  |TAMS 0x0000000084d00000| PB 0x0000000084d00000| Untracked 
|   6|0x0000000084e00000, 0x0000000084e00000, 0x0000000084f00000|  0%| F|  |TAMS 0x0000000084e00000| PB 0x0000000084e00000| Untracked 
|   7|0x0000000084f00000, 0x0000000084f00000, 0x0000000085000000|  0%| F|  |TAMS 0x0000000084f00000| PB 0x0000000084f00000| Untracked 
|   8|0x0000000085000000, 0x0000000085000000, 0x0000000085100000|  0%| F|  |TAMS 0x0000000085000000| PB 0x0000000085000000| Untracked 
|   9|0x0000000085100000, 0x0000000085100000, 0x0000000085200000|  0%| F|  |TAMS 0x0000000085100000| PB 0x0000000085100000| Untracked 
|  10|0x0000000085200000, 0x0000000085200000, 0x0000000085300000|  0%| F|  |TAMS 0x0000000085200000| PB 0x0000000085200000| Untracked 
|  11|0x0000000085300000, 0x0000000085300000, 0x0000000085400000|  0%| F|  |TAMS 0x0000000085300000| PB 0x0000000085300000| Untracked 
|  12|0x0000000085400000, 0x0000000085400000, 0x0000000085500000|  0%| F|  |TAMS 0x0000000085400000| PB 0x0000000085400000| Untracked 
|  13|0x0000000085500000, 0x0000000085500000, 0x0000000085600000|  0%| F|  |TAMS 0x0000000085500000| PB 0x0000000085500000| Untracked 
|  14|0x0000000085600000, 0x0000000085600000, 0x0000000085700000|  0%| F|  |TAMS 0x0000000085600000| PB 0x0000000085600000| Untracked 
|  15|0x0000000085700000, 0x0000000085700000, 0x0000000085800000|  0%| F|  |TAMS 0x0000000085700000| PB 0x0000000085700000| Untracked 
|  16|0x0000000085800000, 0x0000000085800000, 0x0000000085900000|  0%| F|  |TAMS 0x0000000085800000| PB 0x0000000085800000| Untracked 
|  17|0x0000000085900000, 0x0000000085900000, 0x0000000085a00000|  0%| F|  |TAMS 0x0000000085900000| PB 0x0000000085900000| Untracked 
|  18|0x0000000085a00000, 0x0000000085a00000, 0x0000000085b00000|  0%| F|  |TAMS 0x0000000085a00000| PB 0x0000000085a00000| Untracked 
|  19|0x0000000085b00000, 0x0000000085b00000, 0x0000000085c00000|  0%| F|  |TAMS 0x0000000085b00000| PB 0x0000000085b00000| Untracked 
|  20|0x0000000085c00000, 0x0000000085c00000, 0x0000000085d00000|  0%| F|  |TAMS 0x0000000085c00000| PB 0x0000000085c00000| Untracked 
|  21|0x0000000085d00000, 0x0000000085d00000, 0x0000000085e00000|  0%| F|  |TAMS 0x0000000085d00000| PB 0x0000000085d00000| Untracked 
|  22|0x0000000085e00000, 0x0000000085e00000, 0x0000000085f00000|  0%| F|  |TAMS 0x0000000085e00000| PB 0x0000000085e00000| Untracked 
|  23|0x0000000085f00000, 0x0000000085f00000, 0x0000000086000000|  0%| F|  |TAMS 0x0000000085f00000| PB 0x0000000085f00000| Untracked 
|  24|0x0000000086000000, 0x0000000086000000, 0x0000000086100000|  0%| F|  |TAMS 0x0000000086000000| PB 0x0000000086000000| Untracked 
|  25|0x0000000086100000, 0x0000000086100000, 0x0000000086200000|  0%| F|  |TAMS 0x0000000086100000| PB 0x0000000086100000| Untracked 
|  26|0x0000000086200000, 0x0000000086200000, 0x0000000086300000|  0%| F|  |TAMS 0x0000000086200000| PB 0x0000000086200000| Untracked 
|  27|0x0000000086300000, 0x0000000086300000, 0x0000000086400000|  0%| F|  |TAMS 0x0000000086300000| PB 0x0000000086300000| Untracked 
|  28|0x0000000086400000, 0x0000000086400000, 0x0000000086500000|  0%| F|  |TAMS 0x0000000086400000| PB 0x0000000086400000| Untracked 
|  29|0x0000000086500000, 0x0000000086500000, 0x0000000086600000|  0%| F|  |TAMS 0x0000000086500000| PB 0x0000000086500000| Untracked 
|  30|0x0000000086600000, 0x0000000086600000, 0x0000000086700000|  0%| F|  |TAMS 0x0000000086600000| PB 0x0000000086600000| Untracked 
|  31|0x0000000086700000, 0x0000000086700000, 0x0000000086800000|  0%| F|  |TAMS 0x0000000086700000| PB 0x0000000086700000| Untracked 
|  32|0x0000000086800000, 0x0000000086800000, 0x0000000086900000|  0%| F|  |TAMS 0x0000000086800000| PB 0x0000000086800000| Untracked 
|  33|0x0000000086900000, 0x0000000086900000, 0x0000000086a00000|  0%| F|  |TAMS 0x0000000086900000| PB 0x0000000086900000| Untracked 
|  34|0x0000000086a00000, 0x0000000086a00000, 0x0000000086b00000|  0%| F|  |TAMS 0x0000000086a00000| PB 0x0000000086a00000| Untracked 
|  35|0x0000000086b00000, 0x0000000086b00000, 0x0000000086c00000|  0%| F|  |TAMS 0x0000000086b00000| PB 0x0000000086b00000| Untracked 
|  36|0x0000000086c00000, 0x0000000086c00000, 0x0000000086d00000|  0%| F|  |TAMS 0x0000000086c00000| PB 0x0000000086c00000| Untracked 
|  37|0x0000000086d00000, 0x0000000086d00000, 0x0000000086e00000|  0%| F|  |TAMS 0x0000000086d00000| PB 0x0000000086d00000| Untracked 
|  38|0x0000000086e00000, 0x0000000086e00000, 0x0000000086f00000|  0%| F|  |TAMS 0x0000000086e00000| PB 0x0000000086e00000| Untracked 
|  39|0x0000000086f00000, 0x0000000086f00000, 0x0000000087000000|  0%| F|  |TAMS 0x0000000086f00000| PB 0x0000000086f00000| Untracked 
|  40|0x0000000087000000, 0x0000000087000000, 0x0000000087100000|  0%| F|  |TAMS 0x0000000087000000| PB 0x0000000087000000| Untracked 
|  41|0x0000000087100000, 0x0000000087100000, 0x0000000087200000|  0%| F|  |TAMS 0x0000000087100000| PB 0x0000000087100000| Untracked 
|  42|0x0000000087200000, 0x0000000087200000, 0x0000000087300000|  0%| F|  |TAMS 0x0000000087200000| PB 0x0000000087200000| Untracked 
|  43|0x0000000087300000, 0x0000000087300000, 0x0000000087400000|  0%| F|  |TAMS 0x0000000087300000| PB 0x0000000087300000| Untracked 
|  44|0x0000000087400000, 0x0000000087400000, 0x0000000087500000|  0%| F|  |TAMS 0x0000000087400000| PB 0x0000000087400000| Untracked 
|  45|0x0000000087500000, 0x0000000087500000, 0x0000000087600000|  0%| F|  |TAMS 0x0000000087500000| PB 0x0000000087500000| Untracked 
|  46|0x0000000087600000, 0x0000000087600000, 0x0000000087700000|  0%| F|  |TAMS 0x0000000087600000| PB 0x0000000087600000| Untracked 
|  47|0x0000000087700000, 0x0000000087700000, 0x0000000087800000|  0%| F|  |TAMS 0x0000000087700000| PB 0x0000000087700000| Untracked 
|  48|0x0000000087800000, 0x0000000087800000, 0x0000000087900000|  0%| F|  |TAMS 0x0000000087800000| PB 0x0000000087800000| Untracked 
|  49|0x0000000087900000, 0x0000000087900000, 0x0000000087a00000|  0%| F|  |TAMS 0x0000000087900000| PB 0x0000000087900000| Untracked 
|  50|0x0000000087a00000, 0x0000000087a00000, 0x0000000087b00000|  0%| F|  |TAMS 0x0000000087a00000| PB 0x0000000087a00000| Untracked 
|  51|0x0000000087b00000, 0x0000000087b00000, 0x0000000087c00000|  0%| F|  |TAMS 0x0000000087b00000| PB 0x0000000087b00000| Untracked 
|  52|0x0000000087c00000, 0x0000000087c00000, 0x0000000087d00000|  0%| F|  |TAMS 0x0000000087c00000| PB 0x0000000087c00000| Untracked 
|  53|0x0000000087d00000, 0x0000000087d00000, 0x0000000087e00000|  0%| F|  |TAMS 0x0000000087d00000| PB 0x0000000087d00000| Untracked 
|  54|0x0000000087e00000, 0x0000000087e00000, 0x0000000087f00000|  0%| F|  |TAMS 0x0000000087e00000| PB 0x0000000087e00000| Untracked 
|  55|0x0000000087f00000, 0x0000000087f00000, 0x0000000088000000|  0%| F|  |TAMS 0x0000000087f00000| PB 0x0000000087f00000| Untracked 
|  56|0x0000000088000000, 0x0000000088000000, 0x0000000088100000|  0%| F|  |TAMS 0x0000000088000000| PB 0x0000000088000000| Untracked 
|  57|0x0000000088100000, 0x0000000088100000, 0x0000000088200000|  0%| F|  |TAMS 0x0000000088100000| PB 0x0000000088100000| Untracked 
|  58|0x0000000088200000, 0x0000000088200000, 0x0000000088300000|  0%| F|  |TAMS 0x0000000088200000| PB 0x0000000088200000| Untracked 
|  59|0x0000000088300000, 0x0000000088300000, 0x0000000088400000|  0%| F|  |TAMS 0x0000000088300000| PB 0x0000000088300000| Untracked 
|  60|0x0000000088400000, 0x0000000088400000, 0x0000000088500000|  0%| F|  |TAMS 0x0000000088400000| PB 0x0000000088400000| Untracked 
|  61|0x0000000088500000, 0x0000000088500000, 0x0000000088600000|  0%| F|  |TAMS 0x0000000088500000| PB 0x0000000088500000| Untracked 
|  62|0x0000000088600000, 0x0000000088600000, 0x0000000088700000|  0%| F|  |TAMS 0x0000000088600000| PB 0x0000000088600000| Untracked 
|  63|0x0000000088700000, 0x0000000088700000, 0x0000000088800000|  0%| F|  |TAMS 0x0000000088700000| PB 0x0000000088700000| Untracked 
|  64|0x0000000088800000, 0x0000000088800000, 0x0000000088900000|  0%| F|  |TAMS 0x0000000088800000| PB 0x0000000088800000| Untracked 
|  65|0x0000000088900000, 0x0000000088900000, 0x0000000088a00000|  0%| F|  |TAMS 0x0000000088900000| PB 0x0000000088900000| Untracked 
|  66|0x0000000088a00000, 0x0000000088a00000, 0x0000000088b00000|  0%| F|  |TAMS 0x0000000088a00000| PB 0x0000000088a00000| Untracked 
|  67|0x0000000088b00000, 0x0000000088b00000, 0x0000000088c00000|  0%| F|  |TAMS 0x0000000088b00000| PB 0x0000000088b00000| Untracked 
|  68|0x0000000088c00000, 0x0000000088c00000, 0x0000000088d00000|  0%| F|  |TAMS 0x0000000088c00000| PB 0x0000000088c00000| Untracked 
|  69|0x0000000088d00000, 0x0000000088d00000, 0x0000000088e00000|  0%| F|  |TAMS 0x0000000088d00000| PB 0x0000000088d00000| Untracked 
|  70|0x0000000088e00000, 0x0000000088e00000, 0x0000000088f00000|  0%| F|  |TAMS 0x0000000088e00000| PB 0x0000000088e00000| Untracked 
|  71|0x0000000088f00000, 0x0000000088f00000, 0x0000000089000000|  0%| F|  |TAMS 0x0000000088f00000| PB 0x0000000088f00000| Untracked 
|  72|0x0000000089000000, 0x0000000089000000, 0x0000000089100000|  0%| F|  |TAMS 0x0000000089000000| PB 0x0000000089000000| Untracked 
|  73|0x0000000089100000, 0x0000000089100000, 0x0000000089200000|  0%| F|  |TAMS 0x0000000089100000| PB 0x0000000089100000| Untracked 
|  74|0x0000000089200000, 0x0000000089200000, 0x0000000089300000|  0%| F|  |TAMS 0x0000000089200000| PB 0x0000000089200000| Untracked 
|  75|0x0000000089300000, 0x0000000089300000, 0x0000000089400000|  0%| F|  |TAMS 0x0000000089300000| PB 0x0000000089300000| Untracked 
|  76|0x0000000089400000, 0x0000000089400000, 0x0000000089500000|  0%| F|  |TAMS 0x0000000089400000| PB 0x0000000089400000| Untracked 
|  77|0x0000000089500000, 0x0000000089500000, 0x0000000089600000|  0%| F|  |TAMS 0x0000000089500000| PB 0x0000000089500000| Untracked 
|  78|0x0000000089600000, 0x0000000089600000, 0x0000000089700000|  0%| F|  |TAMS 0x0000000089600000| PB 0x0000000089600000| Untracked 
|  79|0x0000000089700000, 0x0000000089700000, 0x0000000089800000|  0%| F|  |TAMS 0x0000000089700000| PB 0x0000000089700000| Untracked 
|  80|0x0000000089800000, 0x0000000089800000, 0x0000000089900000|  0%| F|  |TAMS 0x0000000089800000| PB 0x0000000089800000| Untracked 
|  81|0x0000000089900000, 0x0000000089900000, 0x0000000089a00000|  0%| F|  |TAMS 0x0000000089900000| PB 0x0000000089900000| Untracked 
|  82|0x0000000089a00000, 0x0000000089a00000, 0x0000000089b00000|  0%| F|  |TAMS 0x0000000089a00000| PB 0x0000000089a00000| Untracked 
|  83|0x0000000089b00000, 0x0000000089b00000, 0x0000000089c00000|  0%| F|  |TAMS 0x0000000089b00000| PB 0x0000000089b00000| Untracked 
|  84|0x0000000089c00000, 0x0000000089c00000, 0x0000000089d00000|  0%| F|  |TAMS 0x0000000089c00000| PB 0x0000000089c00000| Untracked 
|  85|0x0000000089d00000, 0x0000000089d00000, 0x0000000089e00000|  0%| F|  |TAMS 0x0000000089d00000| PB 0x0000000089d00000| Untracked 
|  86|0x0000000089e00000, 0x0000000089e00000, 0x0000000089f00000|  0%| F|  |TAMS 0x0000000089e00000| PB 0x0000000089e00000| Untracked 
|  87|0x0000000089f00000, 0x0000000089f00000, 0x000000008a000000|  0%| F|  |TAMS 0x0000000089f00000| PB 0x0000000089f00000| Untracked 
|  88|0x000000008a000000, 0x000000008a000000, 0x000000008a100000|  0%| F|  |TAMS 0x000000008a000000| PB 0x000000008a000000| Untracked 
|  89|0x000000008a100000, 0x000000008a100000, 0x000000008a200000|  0%| F|  |TAMS 0x000000008a100000| PB 0x000000008a100000| Untracked 
|  90|0x000000008a200000, 0x000000008a200000, 0x000000008a300000|  0%| F|  |TAMS 0x000000008a200000| PB 0x000000008a200000| Untracked 
|  91|0x000000008a300000, 0x000000008a300000, 0x000000008a400000|  0%| F|  |TAMS 0x000000008a300000| PB 0x000000008a300000| Untracked 
|  92|0x000000008a400000, 0x000000008a400000, 0x000000008a500000|  0%| F|  |TAMS 0x000000008a400000| PB 0x000000008a400000| Untracked 
|  93|0x000000008a500000, 0x000000008a500000, 0x000000008a600000|  0%| F|  |TAMS 0x000000008a500000| PB 0x000000008a500000| Untracked 
|  94|0x000000008a600000, 0x000000008a600000, 0x000000008a700000|  0%| F|  |TAMS 0x000000008a600000| PB 0x000000008a600000| Untracked 
|  95|0x000000008a700000, 0x000000008a700000, 0x000000008a800000|  0%| F|  |TAMS 0x000000008a700000| PB 0x000000008a700000| Untracked 
|  96|0x000000008a800000, 0x000000008a800000, 0x000000008a900000|  0%| F|  |TAMS 0x000000008a800000| PB 0x000000008a800000| Untracked 
|  97|0x000000008a900000, 0x000000008a900000, 0x000000008aa00000|  0%| F|  |TAMS 0x000000008a900000| PB 0x000000008a900000| Untracked 
|  98|0x000000008aa00000, 0x000000008aa4e000, 0x000000008ab00000| 30%| S|CS|TAMS 0x000000008aa00000| PB 0x000000008aa00000| Complete 
|  99|0x000000008ab00000, 0x000000008ac00000, 0x000000008ac00000|100%| S|CS|TAMS 0x000000008ab00000| PB 0x000000008ab00000| Complete 
| 100|0x000000008ac00000, 0x000000008ad00000, 0x000000008ad00000|100%| S|CS|TAMS 0x000000008ac00000| PB 0x000000008ac00000| Complete 
| 101|0x000000008ad00000, 0x000000008ad00000, 0x000000008ae00000|  0%| F|  |TAMS 0x000000008ad00000| PB 0x000000008ad00000| Untracked 
| 102|0x000000008ae00000, 0x000000008af00000, 0x000000008af00000|100%| E|  |TAMS 0x000000008ae00000| PB 0x000000008ae00000| Complete 
| 103|0x000000008af00000, 0x000000008b000000, 0x000000008b000000|100%| E|CS|TAMS 0x000000008af00000| PB 0x000000008af00000| Complete 
| 104|0x000000008b000000, 0x000000008b100000, 0x000000008b100000|100%| E|CS|TAMS 0x000000008b000000| PB 0x000000008b000000| Complete 
| 105|0x000000008b100000, 0x000000008b200000, 0x000000008b200000|100%| E|CS|TAMS 0x000000008b100000| PB 0x000000008b100000| Complete 
| 106|0x000000008b200000, 0x000000008b300000, 0x000000008b300000|100%| E|CS|TAMS 0x000000008b200000| PB 0x000000008b200000| Complete 
| 107|0x000000008b300000, 0x000000008b400000, 0x000000008b400000|100%| E|CS|TAMS 0x000000008b300000| PB 0x000000008b300000| Complete 
| 108|0x000000008b400000, 0x000000008b500000, 0x000000008b500000|100%| E|CS|TAMS 0x000000008b400000| PB 0x000000008b400000| Complete 
| 109|0x000000008b500000, 0x000000008b600000, 0x000000008b600000|100%| E|CS|TAMS 0x000000008b500000| PB 0x000000008b500000| Complete 
| 110|0x000000008b600000, 0x000000008b700000, 0x000000008b700000|100%| E|CS|TAMS 0x000000008b600000| PB 0x000000008b600000| Complete 
| 111|0x000000008b700000, 0x000000008b800000, 0x000000008b800000|100%| E|CS|TAMS 0x000000008b700000| PB 0x000000008b700000| Complete 
| 112|0x000000008b800000, 0x000000008b900000, 0x000000008b900000|100%| E|CS|TAMS 0x000000008b800000| PB 0x000000008b800000| Complete 
| 113|0x000000008b900000, 0x000000008ba00000, 0x000000008ba00000|100%| E|CS|TAMS 0x000000008b900000| PB 0x000000008b900000| Complete 
| 114|0x000000008ba00000, 0x000000008bb00000, 0x000000008bb00000|100%| E|CS|TAMS 0x000000008ba00000| PB 0x000000008ba00000| Complete 
| 115|0x000000008bb00000, 0x000000008bc00000, 0x000000008bc00000|100%| E|CS|TAMS 0x000000008bb00000| PB 0x000000008bb00000| Complete 
| 116|0x000000008bc00000, 0x000000008bd00000, 0x000000008bd00000|100%| E|CS|TAMS 0x000000008bc00000| PB 0x000000008bc00000| Complete 
| 117|0x000000008bd00000, 0x000000008be00000, 0x000000008be00000|100%| E|CS|TAMS 0x000000008bd00000| PB 0x000000008bd00000| Complete 
| 118|0x000000008be00000, 0x000000008bf00000, 0x000000008bf00000|100%| E|  |TAMS 0x000000008be00000| PB 0x000000008be00000| Complete 
| 119|0x000000008bf00000, 0x000000008c000000, 0x000000008c000000|100%| E|CS|TAMS 0x000000008bf00000| PB 0x000000008bf00000| Complete 
| 120|0x000000008c000000, 0x000000008c100000, 0x000000008c100000|100%| E|CS|TAMS 0x000000008c000000| PB 0x000000008c000000| Complete 
| 121|0x000000008c100000, 0x000000008c200000, 0x000000008c200000|100%| E|CS|TAMS 0x000000008c100000| PB 0x000000008c100000| Complete 
| 122|0x000000008c200000, 0x000000008c300000, 0x000000008c300000|100%| E|CS|TAMS 0x000000008c200000| PB 0x000000008c200000| Complete 
| 123|0x000000008c300000, 0x000000008c400000, 0x000000008c400000|100%| E|CS|TAMS 0x000000008c300000| PB 0x000000008c300000| Complete 

Card table byte_map: [0x000001b8f36c0000,0x000001b8f3aa0000] _byte_map_base: 0x000001b8f329c000

Marking Bits: (CMBitMap*) 0x000001b8db3d60d0
 Bits: [0x000001b8f3aa0000, 0x000001b8f5980000)

Polling page: 0x000001b8d92b0000

Metaspace:

Usage:
  Non-class:      7.56 MB used.
      Class:      1.12 MB used.
       Both:      8.68 MB used.

Virtual space:
  Non-class space:       64.00 MB reserved,       7.62 MB ( 12%) committed,  1 nodes.
      Class space:        1.00 GB reserved,       1.25 MB ( <1%) committed,  1 nodes.
             Both:        1.06 GB reserved,       8.88 MB ( <1%) committed. 

Chunk freelists:
   Non-Class:  7.62 MB
       Class:  14.77 MB
        Both:  22.39 MB

MaxMetaspaceSize: unlimited
CompressedClassSpaceSize: 1.00 GB
Initial GC threshold: 21.00 MB
Current GC threshold: 21.00 MB
CDS: on
 - commit_granule_bytes: 65536.
 - commit_granule_words: 8192.
 - virtual_space_node_default_size: 8388608.
 - enlarge_chunks_in_place: 1.
 - use_allocation_guard: 0.


Internal statistics:

num_allocs_failed_limit: 0.
num_arena_births: 200.
num_arena_deaths: 0.
num_vsnodes_births: 2.
num_vsnodes_deaths: 0.
num_space_committed: 142.
num_space_uncommitted: 0.
num_chunks_returned_to_freelist: 0.
num_chunks_taken_from_freelist: 428.
num_chunk_merges: 0.
num_chunk_splits: 298.
num_chunks_enlarged: 220.
num_inconsistent_stats: 0.

CodeHeap 'non-profiled nmethods': size=119168Kb used=516Kb max_used=516Kb free=118651Kb
 bounds [0x000001b8eb5f0000, 0x000001b8eb860000, 0x000001b8f2a50000]
CodeHeap 'profiled nmethods': size=119104Kb used=2500Kb max_used=2500Kb free=116603Kb
 bounds [0x000001b8e3a50000, 0x000001b8e3cd0000, 0x000001b8eaea0000]
CodeHeap 'non-nmethods': size=7488Kb used=3205Kb max_used=3229Kb free=4282Kb
 bounds [0x000001b8eaea0000, 0x000001b8eb1d0000, 0x000001b8eb5f0000]
 total_blobs=2060 nmethods=1466 adapters=496
 compilation: enabled
              stopped_count=0, restarted_count=0
 full_count=0

Compilation events (20 events):
Event: 2.133 Thread 0x000001b8f8918830 1450       3       java.lang.invoke.LambdaForm$MH/0x000001b881000800::invoke (8 bytes)
Event: 2.134 Thread 0x000001b8f8ab87e0 nmethod 1441 0x000001b8e3cb1590 code [0x000001b8e3cb1ac0, 0x000001b8e3cb4c80]
Event: 2.134 Thread 0x000001b8f8918830 nmethod 1450 0x000001b8e3cb5910 code [0x000001b8e3cb5ac0, 0x000001b8e3cb5cf0]
Event: 2.134 Thread 0x000001b8f8bef050 nmethod 1415 0x000001b8e3cb5e10 code [0x000001b8e3cb6060, 0x000001b8e3cb6858]
Event: 2.134 Thread 0x000001b8f8ab8e90 1452       3       jdk.internal.misc.Unsafe::getLongUnaligned (173 bytes)
Event: 2.134 Thread 0x000001b8f8918830 1448       1       java.net.URI::getScheme (5 bytes)
Event: 2.135 Thread 0x000001b8f8918830 nmethod 1448 0x000001b8eb66a890 code [0x000001b8eb66aa20, 0x000001b8eb66aae8]
Event: 2.136 Thread 0x000001b8f8ab8e90 nmethod 1452 0x000001b8e3cb6b10 code [0x000001b8e3cb6d00, 0x000001b8e3cb7128]
Event: 2.139 Thread 0x000001b8f8ab87e0 1453       3       java.util.jar.JarFile::getEntry (35 bytes)
Event: 2.140 Thread 0x000001b8f8bef050 1454       3       java.util.jar.JarFile::getJarEntry (9 bytes)
Event: 2.140 Thread 0x000001b8f8bef050 nmethod 1454 0x000001b8e3cb7210 code [0x000001b8e3cb73c0, 0x000001b8e3cb7678]
Event: 2.140 Thread 0x000001b8f8ab87e0 nmethod 1453 0x000001b8e3cb7710 code [0x000001b8e3cb7920, 0x000001b8e3cb7dc0]
Event: 2.146 Thread 0x000001b8fe5e3ac0 nmethod 1421 0x000001b8eb66ab90 code [0x000001b8eb66adc0, 0x000001b8eb66b590]
Event: 2.147 Thread 0x000001b8fe5e3ac0 1411       4       java.util.concurrent.locks.ReentrantLock$Sync::tryRelease (51 bytes)
Event: 2.147 Thread 0x000001b8f8ab87e0 1455       3       java.util.jar.JarFile::maybeInstantiateVerifier (42 bytes)
Event: 2.147 Thread 0x000001b8f8ab87e0 nmethod 1455 0x000001b8e3cb7f10 code [0x000001b8e3cb80e0, 0x000001b8e3cb8460]
Event: 2.147 Thread 0x000001b8f8ab8e90 1456       3       jdk.internal.module.ModuleReferences$JarModuleReader::getEntry (15 bytes)
Event: 2.148 Thread 0x000001b8f8ab8e90 nmethod 1456 0x000001b8e3cb8590 code [0x000001b8e3cb8780, 0x000001b8e3cb8c90]
Event: 2.150 Thread 0x000001b8fe5e3ac0 nmethod 1411 0x000001b8eb66bc90 code [0x000001b8eb66be20, 0x000001b8eb66bf68]
Event: 2.150 Thread 0x000001b8fe5e3ac0 1412       4       java.util.concurrent.locks.ReentrantLock$NonfairSync::initialTryLock (58 bytes)

GC Heap History (2 events):
Event: 1.204 GC heap before
{Heap before GC invocations=0 (full 0):
 garbage-first heap   total 126976K, used 22528K [0x0000000084800000, 0x0000000100000000)
  region size 1024K, 23 young (23552K), 0 survivors (0K)
 Metaspace       used 3637K, committed 3840K, reserved 1114112K
  class space    used 374K, committed 512K, reserved 1048576K
}
Event: 1.213 GC heap after
{Heap after GC invocations=1 (full 0):
 garbage-first heap   total 126976K, used 2360K [0x0000000084800000, 0x0000000100000000)
  region size 1024K, 3 young (3072K), 3 survivors (3072K)
 Metaspace       used 3637K, committed 3840K, reserved 1114112K
  class space    used 374K, committed 512K, reserved 1048576K
}

Dll operation events (20 events):
Event: 0.625 Loaded shared library C:\Users\PC\.openjfx\cache\21+31\amd64\api-ms-win-crt-locale-l1-1-0.dll
Event: 0.630 Loaded shared library C:\Users\PC\.openjfx\cache\21+31\amd64\api-ms-win-crt-math-l1-1-0.dll
Event: 0.633 Loaded shared library C:\Users\PC\.openjfx\cache\21+31\amd64\api-ms-win-crt-multibyte-l1-1-0.dll
Event: 0.638 Loaded shared library C:\Users\PC\.openjfx\cache\21+31\amd64\api-ms-win-crt-private-l1-1-0.dll
Event: 0.642 Loaded shared library C:\Users\PC\.openjfx\cache\21+31\amd64\api-ms-win-crt-process-l1-1-0.dll
Event: 0.645 Loaded shared library C:\Users\PC\.openjfx\cache\21+31\amd64\api-ms-win-crt-runtime-l1-1-0.dll
Event: 0.649 Loaded shared library C:\Users\PC\.openjfx\cache\21+31\amd64\api-ms-win-crt-stdio-l1-1-0.dll
Event: 0.652 Loaded shared library C:\Users\PC\.openjfx\cache\21+31\amd64\api-ms-win-crt-string-l1-1-0.dll
Event: 0.656 Loaded shared library C:\Users\PC\.openjfx\cache\21+31\amd64\api-ms-win-crt-time-l1-1-0.dll
Event: 0.659 Loaded shared library C:\Users\PC\.openjfx\cache\21+31\amd64\api-ms-win-crt-utility-l1-1-0.dll
Event: 0.686 Loaded shared library C:\Users\PC\.openjfx\cache\21+31\amd64\ucrtbase.dll
Event: 0.693 Loaded shared library C:\Users\PC\.openjfx\cache\21+31\amd64\vcruntime140.dll
Event: 0.697 Loaded shared library C:\Users\PC\.openjfx\cache\21+31\amd64\vcruntime140_1.dll
Event: 0.714 Loaded shared library C:\Users\PC\.openjfx\cache\21+31\amd64\msvcp140.dll
Event: 0.722 Loaded shared library C:\Users\PC\.openjfx\cache\21+31\amd64\msvcp140_1.dll
Event: 0.732 Loaded shared library C:\Users\PC\.openjfx\cache\21+31\amd64\msvcp140_2.dll
Event: 0.827 Loaded shared library C:\Users\PC\.openjfx\cache\21+31\amd64\prism_d3d.dll
Event: 1.188 Loaded shared library C:\Users\PC\.openjfx\cache\21+31\amd64\glass.dll
Event: 1.779 Loaded shared library C:\Users\PC\.jdks\corretto-21.0.2\bin\jimage.dll
Event: 2.066 Loaded shared library C:\Users\PC\.openjfx\cache\21+31\amd64\javafx_font.dll

Deoptimization events (20 events):
Event: 1.710 Thread 0x000001b8f8c67c50 Uncommon trap: trap_request=0xffffff45 fr.pc=0x000001b8eb6487a8 relative=0x0000000000000088
Event: 1.710 Thread 0x000001b8f8c67c50 Uncommon trap: reason=unstable_if action=reinterpret pc=0x000001b8eb6487a8 method=jdk.internal.misc.Unsafe.convEndian(ZI)I @ 4 c2
Event: 1.710 Thread 0x000001b8f8c67c50 DEOPT PACKING pc=0x000001b8eb6487a8 sp=0x000000897e4fd350
Event: 1.710 Thread 0x000001b8f8c67c50 DEOPT UNPACKING pc=0x000001b8eaef46a2 sp=0x000000897e4fd280 mode 2
Event: 2.008 Thread 0x000001b8f8c67c50 Uncommon trap: trap_request=0xffffff45 fr.pc=0x000001b8eb6027e8 relative=0x0000000000000048
Event: 2.008 Thread 0x000001b8f8c67c50 Uncommon trap: reason=unstable_if action=reinterpret pc=0x000001b8eb6027e8 method=java.lang.StringLatin1.canEncode(I)Z @ 4 c2
Event: 2.008 Thread 0x000001b8f8c67c50 DEOPT PACKING pc=0x000001b8eb6027e8 sp=0x000000897e4fb260
Event: 2.008 Thread 0x000001b8f8c67c50 DEOPT UNPACKING pc=0x000001b8eaef46a2 sp=0x000000897e4fb1f0 mode 2
Event: 2.076 Thread 0x000001b8f8c67c50 Uncommon trap: trap_request=0xffffffde fr.pc=0x000001b8eb658c04 relative=0x00000000000002a4
Event: 2.076 Thread 0x000001b8f8c67c50 Uncommon trap: reason=class_check action=maybe_recompile pc=0x000001b8eb658c04 method=java.util.HashMap.getNode(Ljava/lang/Object;)Ljava/util/HashMap$Node; @ 128 c2
Event: 2.077 Thread 0x000001b8f8c67c50 DEOPT PACKING pc=0x000001b8eb658c04 sp=0x000000897e4fc380
Event: 2.077 Thread 0x000001b8f8c67c50 DEOPT UNPACKING pc=0x000001b8eaef46a2 sp=0x000000897e4fc288 mode 2
Event: 2.089 Thread 0x000001b8f8c67c50 Uncommon trap: trap_request=0xffffff45 fr.pc=0x000001b8eb6490fc relative=0x00000000000000bc
Event: 2.089 Thread 0x000001b8f8c67c50 Uncommon trap: reason=unstable_if action=reinterpret pc=0x000001b8eb6490fc method=jdk.internal.misc.Unsafe.convEndian(ZI)I @ 4 c2
Event: 2.089 Thread 0x000001b8f8c67c50 DEOPT PACKING pc=0x000001b8eb6490fc sp=0x000000897e4fc5e0
Event: 2.089 Thread 0x000001b8f8c67c50 DEOPT UNPACKING pc=0x000001b8eaef46a2 sp=0x000000897e4fc478 mode 2
Event: 2.089 Thread 0x000001b8f8c67c50 Uncommon trap: trap_request=0xffffff45 fr.pc=0x000001b8eb64bbe4 relative=0x0000000000000044
Event: 2.089 Thread 0x000001b8f8c67c50 Uncommon trap: reason=unstable_if action=reinterpret pc=0x000001b8eb64bbe4 method=jdk.internal.misc.Unsafe.convEndian(ZI)I @ 4 c2
Event: 2.089 Thread 0x000001b8f8c67c50 DEOPT PACKING pc=0x000001b8eb64bbe4 sp=0x000000897e4fc4d0
Event: 2.089 Thread 0x000001b8f8c67c50 DEOPT UNPACKING pc=0x000001b8eaef46a2 sp=0x000000897e4fc468 mode 2

Classes loaded (20 events):
Event: 2.074 Loading class java/net/JarURLConnection done
Event: 2.074 Loading class sun/net/www/protocol/jar/JarURLConnection done
Event: 2.074 Loading class sun/net/www/protocol/jar/JarFileFactory
Event: 2.074 Loading class sun/net/www/protocol/jar/URLJarFile$URLJarFileCloseController
Event: 2.074 Loading class sun/net/www/protocol/jar/URLJarFile$URLJarFileCloseController done
Event: 2.075 Loading class sun/net/www/protocol/jar/JarFileFactory done
Event: 2.075 Loading class sun/net/www/protocol/jar/URLJarFile
Event: 2.075 Loading class sun/net/www/protocol/jar/URLJarFile done
Event: 2.077 Loading class sun/net/www/protocol/jar/URLJarFile$URLJarFileEntry
Event: 2.077 Loading class sun/net/www/protocol/jar/URLJarFile$URLJarFileEntry done
Event: 2.077 Loading class sun/net/www/protocol/jar/JarURLConnection$JarURLInputStream
Event: 2.077 Loading class sun/net/www/protocol/jar/JarURLConnection$JarURLInputStream done
Event: 2.112 Loading class java/util/AbstractList$RandomAccessSubList
Event: 2.112 Loading class java/util/AbstractList$SubList
Event: 2.112 Loading class java/util/AbstractList$SubList done
Event: 2.112 Loading class java/util/AbstractList$RandomAccessSubList done
Event: 2.114 Loading class java/util/AbstractList$SubList$1
Event: 2.114 Loading class java/util/AbstractList$SubList$1 done
Event: 2.115 Loading class java/util/AbstractList$ListItr
Event: 2.115 Loading class java/util/AbstractList$ListItr done

Classes unloaded (0 events):
No events

Classes redefined (0 events):
No events

Internal exceptions (20 events):
Event: 0.270 Thread 0x000001b8d90e8550 Exception <a 'java/lang/NoSuchMethodError'{0x000000008b789c90}: 'java.lang.Object java.lang.invoke.DirectMethodHandle$Holder.invokeInterface(java.lang.Object, java.lang.Object)'> (0x000000008b789c90) 
thrown [s\src\hotspot\share\interpreter\linkResolver.cpp, line 773]
Event: 0.271 Thread 0x000001b8d90e8550 Exception <a 'java/lang/IncompatibleClassChangeError'{0x000000008b78cf28}: Found class java.lang.Object, but interface was expected> (0x000000008b78cf28) 
thrown [s\src\hotspot\share\interpreter\linkResolver.cpp, line 840]
Event: 0.272 Thread 0x000001b8d90e8550 Exception <a 'java/lang/NoSuchMethodError'{0x000000008b78f7c8}: 'void java.lang.invoke.DirectMethodHandle$Holder.invokeStatic(java.lang.Object, java.lang.Object, java.lang.Object, java.lang.Object)'> (0x000000008b78f7c8) 
thrown [s\src\hotspot\share\interpreter\linkResolver.cpp, line 773]
Event: 0.315 Thread 0x000001b8d90e8550 Exception <a 'java/lang/NoSuchMethodError'{0x000000008b69c5e0}: 'void java.lang.invoke.DirectMethodHandle$Holder.invokeStatic(java.lang.Object, java.lang.Object, java.lang.Object)'> (0x000000008b69c5e0) 
thrown [s\src\hotspot\share\interpreter\linkResolver.cpp, line 773]
Event: 0.320 Thread 0x000001b8d90e8550 Exception <a 'java/lang/NoSuchMethodError'{0x000000008b6b2208}: 'java.lang.Object java.lang.invoke.Invokers$Holder.invokeExact_MT(java.lang.Object, java.lang.Object, java.lang.Object, java.lang.Object, java.lang.Object)'> (0x000000008b6b2208) 
thrown [s\src\hotspot\share\interpreter\linkResolver.cpp, line 773]
Event: 0.343 Thread 0x000001b8fd42b620 Exception <a 'java/lang/ClassNotFoundException'{0x000000008b6f0070}: jdk/net/ExtendedSocketOptions> (0x000000008b6f0070) 
thrown [s\src\hotspot\share\classfile\systemDictionary.cpp, line 312]
Event: 0.345 Thread 0x000001b8fd42b620 Exception <a 'java/lang/NoSuchMethodError'{0x000000008b6f1720}: 'void java.lang.invoke.DirectMethodHandle$Holder.invokeStatic(java.lang.Object, java.lang.Object)'> (0x000000008b6f1720) 
thrown [s\src\hotspot\share\interpreter\linkResolver.cpp, line 773]
Event: 0.356 Thread 0x000001b8d90e8550 Exception <a 'java/lang/NoSuchMethodError'{0x000000008b577b80}: 'java.lang.Object java.lang.invoke.Invokers$Holder.invokeExact_MT(java.lang.Object, java.lang.Object, java.lang.Object, java.lang.Object, java.lang.Object, java.lang.Object)'> (0x000000008b577b80) 
thrown [s\src\hotspot\share\interpreter\linkResolver.cpp, line 773]
Event: 1.145 Thread 0x000001b8d90e8550 Exception <a 'java/lang/NoSuchMethodError'{0x000000008aef4d08}: 'int java.lang.invoke.DirectMethodHandle$Holder.invokeStaticInit(java.lang.Object, java.lang.Object, java.lang.Object)'> (0x000000008aef4d08) 
thrown [s\src\hotspot\share\interpreter\linkResolver.cpp, line 773]
Event: 1.196 Thread 0x000001b8d90e8550 Exception <a 'java/lang/NoSuchMethodError'{0x000000008add5538}: 'java.lang.Object java.lang.invoke.DirectMethodHandle$Holder.newInvokeSpecial(java.lang.Object, java.lang.Object, int, java.lang.Object)'> (0x000000008add5538) 
thrown [s\src\hotspot\share\interpreter\linkResolver.cpp, line 773]
Event: 1.196 Thread 0x000001b8d90e8550 Exception <a 'java/lang/NoSuchMethodError'{0x000000008add9690}: 'java.lang.Object java.lang.invoke.DirectMethodHandle$Holder.invokeSpecial(java.lang.Object, java.lang.Object, java.lang.Object, int, java.lang.Object)'> (0x000000008add9690) 
thrown [s\src\hotspot\share\interpreter\linkResolver.cpp, line 773]
Event: 1.675 Thread 0x000001b8f8c67c50 Exception <a 'java/lang/NoSuchMethodError'{0x000000008c055620}: 'void java.lang.invoke.DirectMethodHandle$Holder.invokeStaticInit(java.lang.Object)'> (0x000000008c055620) 
thrown [s\src\hotspot\share\interpreter\linkResolver.cpp, line 773]
Event: 1.684 Thread 0x000001b8d90e8550 Exception <a 'java/lang/NoSuchMethodError'{0x000000008bf07638}: 'java.lang.Object java.lang.invoke.DirectMethodHandle$Holder.newInvokeSpecial(java.lang.Object, java.lang.Object, java.lang.Object, java.lang.Object, java.lang.Object, java.lang.Object)'> (0x000000008bf07638) 
thrown [s\src\hotspot\share\interpreter\linkResolver.cpp, line 773]
Event: 1.727 Thread 0x000001b8d90e8550 Exception <a 'java/lang/NoSuchMethodError'{0x000000008bf41690}: 'java.lang.Object java.lang.invoke.DirectMethodHandle$Holder.newInvokeSpecial(java.lang.Object, java.lang.Object, java.lang.Object, java.lang.Object, java.lang.Object)'> (0x000000008bf41690) 
thrown [s\src\hotspot\share\interpreter\linkResolver.cpp, line 773]
Event: 1.827 Thread 0x000001b8f8c67c50 Exception <a 'sun/nio/fs/WindowsException'{0x000000008bae80d0}> (0x000000008bae80d0) 
thrown [s\src\hotspot\share\prims\jni.cpp, line 520]
Event: 1.930 Thread 0x000001b8f8c67c50 Exception <a 'java/lang/NoSuchMethodError'{0x000000008b6d5588}: 'java.lang.Object java.lang.invoke.DirectMethodHandle$Holder.invokeStaticInit(java.lang.Object, java.lang.Object, java.lang.Object, java.lang.Object)'> (0x000000008b6d5588) 
thrown [s\src\hotspot\share\interpreter\linkResolver.cpp, line 773]
Event: 1.933 Thread 0x000001b8f8c67c50 Exception <a 'java/lang/NullPointerException'{0x000000008b6e3110}> (0x000000008b6e3110) 
thrown [s\src\hotspot\share\interpreter\linkResolver.cpp, line 1372]
Event: 2.022 Thread 0x000001b8f8c67c50 Exception <a 'java/lang/ClassNotFoundException'{0x000000008b3daee0}: com/sun/glass/ui/win/themes> (0x000000008b3daee0) 
thrown [s\src\hotspot\share\prims\jni.cpp, line 539]
Event: 2.024 Thread 0x000001b8f8c67c50 Exception <a 'java/lang/ClassNotFoundException'{0x000000008b3e66a8}: com/sun/glass/ui/win/themes_en> (0x000000008b3e66a8) 
thrown [s\src\hotspot\share\prims\jni.cpp, line 539]
Event: 2.025 Thread 0x000001b8f8c67c50 Exception <a 'java/lang/ClassNotFoundException'{0x000000008b3ee4d0}: com/sun/glass/ui/win/themes_en_US> (0x000000008b3ee4d0) 
thrown [s\src\hotspot\share\prims\jni.cpp, line 539]

ZGC Phase Switch (0 events):
No events

VM Operations (14 events):
Event: 0.134 Executing VM operation: HandshakeAllThreads (Deoptimize)
Event: 0.134 Executing VM operation: HandshakeAllThreads (Deoptimize) done
Event: 0.204 Executing VM operation: HandshakeAllThreads (Deoptimize)
Event: 0.204 Executing VM operation: HandshakeAllThreads (Deoptimize) done
Event: 0.267 Executing VM operation: HandshakeAllThreads (Deoptimize)
Event: 0.267 Executing VM operation: HandshakeAllThreads (Deoptimize) done
Event: 0.820 Executing VM operation: ICBufferFull
Event: 0.820 Executing VM operation: ICBufferFull done
Event: 1.167 Executing VM operation: HandshakeAllThreads (Deoptimize)
Event: 1.167 Executing VM operation: HandshakeAllThreads (Deoptimize) done
Event: 1.204 Executing VM operation: G1CollectForAllocation (G1 Evacuation Pause)
Event: 1.214 Executing VM operation: G1CollectForAllocation (G1 Evacuation Pause) done
Event: 2.076 Executing VM operation: HandshakeAllThreads (Deoptimize)
Event: 2.076 Executing VM operation: HandshakeAllThreads (Deoptimize) done

Events (20 events):
Event: 0.047 Thread 0x000001b8f8918830 Thread added: 0x000001b8f8918830
Event: 0.053 Thread 0x000001b8f8ab87e0 Thread added: 0x000001b8f8ab87e0
Event: 0.053 Thread 0x000001b8f8ab8e90 Thread added: 0x000001b8f8ab8e90
Event: 0.077 Thread 0x000001b8f8b54540 Thread added: 0x000001b8f8b54540
Event: 0.108 Thread 0x000001b8f8bef050 Thread added: 0x000001b8f8bef050
Event: 0.116 Thread 0x000001b8f8c67c50 Thread added: 0x000001b8f8c67c50
Event: 0.119 Thread 0x000001b8f8d20260 Thread added: 0x000001b8f8d20260
Event: 0.119 Thread 0x000001b8f8d488c0 Thread added: 0x000001b8f8d488c0
Event: 0.329 Thread 0x000001b8fd42b620 Thread added: 0x000001b8fd42b620
Event: 0.329 Thread 0x000001b8fd565f10 Thread added: 0x000001b8fd565f10
Event: 0.608 Thread 0x000001b8f8d488c0 Thread exited: 0x000001b8f8d488c0
Event: 0.779 Thread 0x000001b8f8d20260 Thread exited: 0x000001b8f8d20260
Event: 0.802 Thread 0x000001b8f8d20260 Thread added: 0x000001b8f8d20260
Event: 1.141 Thread 0x000001b8f8c67c50 Thread exited: 0x000001b8f8c67c50
Event: 1.191 Thread 0x000001b8fdba0010 Thread added: 0x000001b8fdba0010
Event: 1.203 Thread 0x000001b8f8c67c50 Thread added: 0x000001b8f8c67c50
Event: 1.706 Thread 0x000001b8fe5959c0 Thread added: 0x000001b8fe5959c0
Event: 1.728 Thread 0x000001b8fe5abef0 Thread added: 0x000001b8fe5abef0
Event: 2.098 Thread 0x000001b8fe5e3410 Thread added: 0x000001b8fe5e3410
Event: 2.099 Thread 0x000001b8fe5e3ac0 Thread added: 0x000001b8fe5e3ac0


Dynamic libraries:
0x00007ff71b820000 - 0x00007ff71b82e000 	C:\Users\PC\.jdks\corretto-21.0.2\bin\java.exe
0x00007ffe31490000 - 0x00007ffe316a7000 	C:\Windows\SYSTEM32\ntdll.dll
0x00007ffe31110000 - 0x00007ffe311d4000 	C:\Windows\System32\KERNEL32.DLL
0x00007ffe2e990000 - 0x00007ffe2ed47000 	C:\Windows\System32\KERNELBASE.dll
0x00007ffe2edf0000 - 0x00007ffe2ef01000 	C:\Windows\System32\ucrtbase.dll
0x00007ffe27070000 - 0x00007ffe27088000 	C:\Users\PC\.jdks\corretto-21.0.2\bin\jli.dll
0x00007ffe22d80000 - 0x00007ffe22d9b000 	C:\Users\PC\.jdks\corretto-21.0.2\bin\VCRUNTIME140.dll
0x00007ffe306e0000 - 0x00007ffe3088f000 	C:\Windows\System32\USER32.dll
0x00007ffe161b0000 - 0x00007ffe16443000 	C:\Windows\WinSxS\amd64_microsoft.windows.common-controls_6595b64144ccf1df_6.0.22621.3672_none_2713b9d173822955\COMCTL32.dll
0x00007ffe2ef10000 - 0x00007ffe2ef36000 	C:\Windows\System32\win32u.dll
0x00007ffe303c0000 - 0x00007ffe303e9000 	C:\Windows\System32\GDI32.dll
0x00007ffe311e0000 - 0x00007ffe31287000 	C:\Windows\System32\msvcrt.dll
0x00007ffe2f0a0000 - 0x00007ffe2f1b8000 	C:\Windows\System32\gdi32full.dll
0x00007ffe2ed50000 - 0x00007ffe2edea000 	C:\Windows\System32\msvcp_win.dll
0x00007ffe30270000 - 0x00007ffe302a1000 	C:\Windows\System32\IMM32.DLL
0x00007ffe28510000 - 0x00007ffe2851c000 	C:\Users\PC\.jdks\corretto-21.0.2\bin\vcruntime140_1.dll
0x00007ffe10410000 - 0x00007ffe1049d000 	C:\Users\PC\.jdks\corretto-21.0.2\bin\msvcp140.dll
0x00007ffdc8bb0000 - 0x00007ffdc9940000 	C:\Users\PC\.jdks\corretto-21.0.2\bin\server\jvm.dll
0x00007ffe2f3a0000 - 0x00007ffe2f452000 	C:\Windows\System32\ADVAPI32.dll
0x00007ffe2f4f0000 - 0x00007ffe2f598000 	C:\Windows\System32\sechost.dll
0x00007ffe2ef40000 - 0x00007ffe2ef68000 	C:\Windows\System32\bcrypt.dll
0x00007ffe30410000 - 0x00007ffe30524000 	C:\Windows\System32\RPCRT4.dll
0x00007ffe30030000 - 0x00007ffe300a1000 	C:\Windows\System32\WS2_32.dll
0x00007ffe2d610000 - 0x00007ffe2d65d000 	C:\Windows\SYSTEM32\POWRPROF.dll
0x00007ffe27f00000 - 0x00007ffe27f34000 	C:\Windows\SYSTEM32\WINMM.dll
0x00007ffe24a00000 - 0x00007ffe24a0a000 	C:\Windows\SYSTEM32\VERSION.dll
0x00007ffe2d5f0000 - 0x00007ffe2d603000 	C:\Windows\SYSTEM32\UMPDC.dll
0x00007ffe2d8a0000 - 0x00007ffe2d8b8000 	C:\Windows\SYSTEM32\kernel.appcore.dll
0x00007ffe28410000 - 0x00007ffe2841a000 	C:\Users\PC\.jdks\corretto-21.0.2\bin\jimage.dll
0x00007ffe2b670000 - 0x00007ffe2b8a2000 	C:\Windows\SYSTEM32\DBGHELP.DLL
0x00007ffe2f600000 - 0x00007ffe2f98e000 	C:\Windows\System32\combase.dll
0x00007ffe31320000 - 0x00007ffe313f7000 	C:\Windows\System32\OLEAUT32.dll
0x00007ffe23000000 - 0x00007ffe23032000 	C:\Windows\SYSTEM32\dbgcore.DLL
0x00007ffe2e7a0000 - 0x00007ffe2e81b000 	C:\Windows\System32\bcryptPrimitives.dll
0x00007ffe27fc0000 - 0x00007ffe27fce000 	C:\Users\PC\.jdks\corretto-21.0.2\bin\instrument.dll
0x00007ffe20860000 - 0x00007ffe2087f000 	C:\Users\PC\.jdks\corretto-21.0.2\bin\java.dll
0x00007ffe30890000 - 0x00007ffe310f9000 	C:\Windows\System32\SHELL32.dll
0x00007ffe2c6c0000 - 0x00007ffe2cfbf000 	C:\Windows\SYSTEM32\windows.storage.dll
0x00007ffe2c580000 - 0x00007ffe2c6bf000 	C:\Windows\SYSTEM32\wintypes.dll
0x00007ffe2f990000 - 0x00007ffe2fa89000 	C:\Windows\System32\SHCORE.dll
0x00007ffe30360000 - 0x00007ffe303be000 	C:\Windows\System32\shlwapi.dll
0x00007ffe2e6d0000 - 0x00007ffe2e6f7000 	C:\Windows\SYSTEM32\profapi.dll
0x00007ffe0f640000 - 0x00007ffe0f717000 	C:\Users\PC\.jdks\corretto-21.0.2\bin\jsvml.dll
0x00007ffe27920000 - 0x00007ffe27930000 	C:\Users\PC\.jdks\corretto-21.0.2\bin\net.dll
0x00007ffe2aee0000 - 0x00007ffe2b016000 	C:\Windows\SYSTEM32\WINHTTP.dll
0x00007ffe2dd00000 - 0x00007ffe2dd69000 	C:\Windows\system32\mswsock.dll
0x00007ffe20820000 - 0x00007ffe20836000 	C:\Users\PC\.jdks\corretto-21.0.2\bin\nio.dll
0x00007ffe20800000 - 0x00007ffe20818000 	C:\Users\PC\.jdks\corretto-21.0.2\bin\zip.dll
0x00007ffe102b0000 - 0x00007ffe102ca000 	C:\Program Files\JetBrains\IntelliJ IDEA Community Edition 2024.2.3\bin\breakgen64.dll
0x000001b8d9300000 - 0x000001b8d9303000 	C:\Users\PC\.openjfx\cache\21+31\amd64\api-ms-win-core-console-l1-1-0.dll
0x000001b8d9310000 - 0x000001b8d9313000 	C:\Users\PC\.openjfx\cache\21+31\amd64\api-ms-win-core-console-l1-2-0.dll
0x000001b8d9320000 - 0x000001b8d9323000 	C:\Users\PC\.openjfx\cache\21+31\amd64\api-ms-win-core-datetime-l1-1-0.dll
0x000001b8d9330000 - 0x000001b8d9333000 	C:\Users\PC\.openjfx\cache\21+31\amd64\api-ms-win-core-debug-l1-1-0.dll
0x000001b8d9340000 - 0x000001b8d9343000 	C:\Users\PC\.openjfx\cache\21+31\amd64\api-ms-win-core-errorhandling-l1-1-0.dll
0x000001b8d9350000 - 0x000001b8d9354000 	C:\Users\PC\.openjfx\cache\21+31\amd64\api-ms-win-core-file-l1-1-0.dll
0x000001b8d9360000 - 0x000001b8d9363000 	C:\Users\PC\.openjfx\cache\21+31\amd64\api-ms-win-core-file-l1-2-0.dll
0x000001b8d9370000 - 0x000001b8d9373000 	C:\Users\PC\.openjfx\cache\21+31\amd64\api-ms-win-core-file-l2-1-0.dll
0x000001b8d9380000 - 0x000001b8d9383000 	C:\Users\PC\.openjfx\cache\21+31\amd64\api-ms-win-core-handle-l1-1-0.dll
0x000001b8db330000 - 0x000001b8db333000 	C:\Users\PC\.openjfx\cache\21+31\amd64\api-ms-win-core-heap-l1-1-0.dll
0x000001b8f8e50000 - 0x000001b8f8e53000 	C:\Users\PC\.openjfx\cache\21+31\amd64\api-ms-win-core-interlocked-l1-1-0.dll
0x000001b8f8e60000 - 0x000001b8f8e63000 	C:\Users\PC\.openjfx\cache\21+31\amd64\api-ms-win-core-libraryloader-l1-1-0.dll
0x000001b8f8e70000 - 0x000001b8f8e73000 	C:\Users\PC\.openjfx\cache\21+31\amd64\api-ms-win-core-localization-l1-2-0.dll
0x000001b8f8e80000 - 0x000001b8f8e83000 	C:\Users\PC\.openjfx\cache\21+31\amd64\api-ms-win-core-memory-l1-1-0.dll
0x000001b8f8e90000 - 0x000001b8f8e93000 	C:\Users\PC\.openjfx\cache\21+31\amd64\api-ms-win-core-namedpipe-l1-1-0.dll
0x000001b8f8ea0000 - 0x000001b8f8ea3000 	C:\Users\PC\.openjfx\cache\21+31\amd64\api-ms-win-core-processenvironment-l1-1-0.dll
0x000001b8f8eb0000 - 0x000001b8f8eb3000 	C:\Users\PC\.openjfx\cache\21+31\amd64\api-ms-win-core-processthreads-l1-1-0.dll
0x000001b8f8ec0000 - 0x000001b8f8ec3000 	C:\Users\PC\.openjfx\cache\21+31\amd64\api-ms-win-core-processthreads-l1-1-1.dll
0x000001b8f8ed0000 - 0x000001b8f8ed3000 	C:\Users\PC\.openjfx\cache\21+31\amd64\api-ms-win-core-profile-l1-1-0.dll
0x000001b8f8ee0000 - 0x000001b8f8ee3000 	C:\Users\PC\.openjfx\cache\21+31\amd64\api-ms-win-core-rtlsupport-l1-1-0.dll
0x000001b8f8ef0000 - 0x000001b8f8ef3000 	C:\Users\PC\.openjfx\cache\21+31\amd64\api-ms-win-core-string-l1-1-0.dll
0x000001b8f8f00000 - 0x000001b8f8f03000 	C:\Users\PC\.openjfx\cache\21+31\amd64\api-ms-win-core-synch-l1-1-0.dll
0x000001b8f8f10000 - 0x000001b8f8f13000 	C:\Users\PC\.openjfx\cache\21+31\amd64\api-ms-win-core-synch-l1-2-0.dll
0x000001b8f8f20000 - 0x000001b8f8f23000 	C:\Users\PC\.openjfx\cache\21+31\amd64\api-ms-win-core-sysinfo-l1-1-0.dll
0x000001b8f8f30000 - 0x000001b8f8f33000 	C:\Users\PC\.openjfx\cache\21+31\amd64\api-ms-win-core-timezone-l1-1-0.dll
0x000001b8f8f40000 - 0x000001b8f8f43000 	C:\Users\PC\.openjfx\cache\21+31\amd64\api-ms-win-core-util-l1-1-0.dll
0x000001b8f8f50000 - 0x000001b8f8f53000 	C:\Users\PC\.openjfx\cache\21+31\amd64\api-ms-win-crt-conio-l1-1-0.dll
0x000001b8f8f60000 - 0x000001b8f8f64000 	C:\Users\PC\.openjfx\cache\21+31\amd64\api-ms-win-crt-convert-l1-1-0.dll
0x000001b8f8f70000 - 0x000001b8f8f73000 	C:\Users\PC\.openjfx\cache\21+31\amd64\api-ms-win-crt-environment-l1-1-0.dll
0x000001b8f8f80000 - 0x000001b8f8f83000 	C:\Users\PC\.openjfx\cache\21+31\amd64\api-ms-win-crt-filesystem-l1-1-0.dll
0x000001b8f8f90000 - 0x000001b8f8f93000 	C:\Users\PC\.openjfx\cache\21+31\amd64\api-ms-win-crt-heap-l1-1-0.dll
0x000001b8f8fa0000 - 0x000001b8f8fa3000 	C:\Users\PC\.openjfx\cache\21+31\amd64\api-ms-win-crt-locale-l1-1-0.dll
0x000001b8f8fb0000 - 0x000001b8f8fb5000 	C:\Users\PC\.openjfx\cache\21+31\amd64\api-ms-win-crt-math-l1-1-0.dll
0x000001b8f8fc0000 - 0x000001b8f8fc5000 	C:\Users\PC\.openjfx\cache\21+31\amd64\api-ms-win-crt-multibyte-l1-1-0.dll
0x000001b8f8fd0000 - 0x000001b8f8fe0000 	C:\Users\PC\.openjfx\cache\21+31\amd64\api-ms-win-crt-private-l1-1-0.dll
0x000001b8f8fe0000 - 0x000001b8f8fe3000 	C:\Users\PC\.openjfx\cache\21+31\amd64\api-ms-win-crt-process-l1-1-0.dll
0x000001b8f8ff0000 - 0x000001b8f8ff4000 	C:\Users\PC\.openjfx\cache\21+31\amd64\api-ms-win-crt-runtime-l1-1-0.dll
0x000001b8fd800000 - 0x000001b8fd804000 	C:\Users\PC\.openjfx\cache\21+31\amd64\api-ms-win-crt-stdio-l1-1-0.dll
0x000001b8fd810000 - 0x000001b8fd814000 	C:\Users\PC\.openjfx\cache\21+31\amd64\api-ms-win-crt-string-l1-1-0.dll
0x000001b8fd820000 - 0x000001b8fd823000 	C:\Users\PC\.openjfx\cache\21+31\amd64\api-ms-win-crt-time-l1-1-0.dll
0x000001b8fd830000 - 0x000001b8fd833000 	C:\Users\PC\.openjfx\cache\21+31\amd64\api-ms-win-crt-utility-l1-1-0.dll
0x00007ffdf37d0000 - 0x00007ffdf38cc000 	C:\Users\PC\.openjfx\cache\21+31\amd64\ucrtbase.dll
0x00007ffe0f480000 - 0x00007ffe0f49b000 	C:\Users\PC\.openjfx\cache\21+31\amd64\vcruntime140.dll
0x00007ffe20280000 - 0x00007ffe2028c000 	C:\Users\PC\.openjfx\cache\21+31\amd64\vcruntime140_1.dll
0x00007ffdf3740000 - 0x00007ffdf37ce000 	C:\Users\PC\.openjfx\cache\21+31\amd64\msvcp140.dll
0x00007ffe30530000 - 0x00007ffe306d5000 	C:\Windows\System32\ole32.dll
0x00007ffe1db90000 - 0x00007ffe1db99000 	C:\Users\PC\.openjfx\cache\21+31\amd64\msvcp140_1.dll
0x00007ffdfb1f0000 - 0x00007ffdfb21f000 	C:\Users\PC\.openjfx\cache\21+31\amd64\msvcp140_2.dll
0x00007ffdfb190000 - 0x00007ffdfb1bf000 	C:\Users\PC\.openjfx\cache\21+31\amd64\prism_d3d.dll
0x00007ffdf6710000 - 0x00007ffdf68b8000 	C:\Windows\system32\d3d9.dll
0x00007ffe2bec0000 - 0x00007ffe2beeb000 	C:\Windows\SYSTEM32\dwmapi.dll
0x00007ffe2bd70000 - 0x00007ffe2bda7000 	C:\Windows\SYSTEM32\dxcore.dll
0x00007ffe2bc20000 - 0x00007ffe2bcd1000 	C:\Windows\system32\uxtheme.dll
0x00007ffe2e490000 - 0x00007ffe2e4de000 	C:\Windows\SYSTEM32\cfgmgr32.dll
0x00007ffe2e820000 - 0x00007ffe2e986000 	C:\Windows\System32\CRYPT32.dll
0x00007ffe2fa90000 - 0x00007ffe2ff04000 	C:\Windows\System32\SETUPAPI.dll
0x00007ffe2e460000 - 0x00007ffe2e48c000 	C:\Windows\SYSTEM32\DEVOBJ.dll
0x00007ffe2f030000 - 0x00007ffe2f09c000 	C:\Windows\System32\WINTRUST.dll
0x00007ffe2e440000 - 0x00007ffe2e452000 	C:\Windows\SYSTEM32\MSASN1.dll
0x00007ffe275e0000 - 0x00007ffe27629000 	C:\Windows\SYSTEM32\directxdatabasehelper.dll
0x00007ffe191a0000 - 0x00007ffe1d71f000 	C:\Windows\System32\DriverStore\FileRepository\iigd_dch.inf_amd64_c73cfa60d516cb00\igc64.dll
0x00007ffddc540000 - 0x00007ffddfd17000 	C:\Windows\System32\DriverStore\FileRepository\iigd_dch.inf_amd64_c73cfa60d516cb00\igd12dxva64.dll
0x00007ffe1d9e0000 - 0x00007ffe1da12000 	C:\Windows\SYSTEM32\cryptnet.dll
0x00007ffe2e030000 - 0x00007ffe2e03c000 	C:\Windows\SYSTEM32\cryptbase.dll
0x00007ffe2f320000 - 0x00007ffe2f33f000 	C:\Windows\System32\imagehlp.dll
0x00007ffe2e050000 - 0x00007ffe2e06b000 	C:\Windows\SYSTEM32\CRYPTSP.dll
0x00007ffe2d800000 - 0x00007ffe2d835000 	C:\Windows\system32\rsaenh.dll
0x00007ffdfb140000 - 0x00007ffdfb182000 	C:\Users\PC\.openjfx\cache\21+31\amd64\glass.dll
0x00007ffe2ff30000 - 0x00007ffe3002f000 	C:\Windows\System32\COMDLG32.dll
0x00007ffe2f1c0000 - 0x00007ffe2f320000 	C:\Windows\System32\MSCTF.dll
0x00007ffdf3f80000 - 0x00007ffdf403e000 	C:\Windows\System32\DriverStore\FileRepository\nvaci.inf_amd64_52f3e1d0b5db2a3a\nvldumdx.dll
0x00007ffe1d870000 - 0x00007ffe1d9d2000 	C:\Windows\SYSTEM32\drvstore.dll
0x00007ffe2df80000 - 0x00007ffe2dfc9000 	C:\Windows\SYSTEM32\wldp.dll
0x00007ffdf0320000 - 0x00007ffdf253e000 	C:\Windows\System32\DriverStore\FileRepository\nvaci.inf_amd64_52f3e1d0b5db2a3a\nvgpucomp64.dll
0x00007ffdc3110000 - 0x00007ffdc54bf000 	C:\Windows\System32\DriverStore\FileRepository\nvaci.inf_amd64_52f3e1d0b5db2a3a\nvd3dumx.dll
0x00007ffdbcef0000 - 0x00007ffdbd1c0000 	C:\Windows\system32\nvspcap64.dll
0x00007ffe2d9b0000 - 0x00007ffe2d9e4000 	C:\Windows\SYSTEM32\ntmarta.dll
0x00007ffe2dd70000 - 0x00007ffe2dd96000 	C:\Windows\SYSTEM32\gpapi.dll
0x00007ffde5480000 - 0x00007ffde5530000 	C:\Windows\SYSTEM32\d3d9on12.dll

dbghelp: loaded successfully - version: 4.0.5 - missing functions: none
symbol engine: initialized successfully - sym options: 0x614 - pdb path: .;C:\Users\PC\.jdks\corretto-21.0.2\bin;C:\Windows\SYSTEM32;C:\Windows\WinSxS\amd64_microsoft.windows.common-controls_6595b64144ccf1df_6.0.22621.3672_none_2713b9d173822955;C:\Users\PC\.jdks\corretto-21.0.2\bin\server;C:\Program Files\JetBrains\IntelliJ IDEA Community Edition 2024.2.3\bin;C:\Users\PC\.openjfx\cache\21+31\amd64;C:\Windows\System32\DriverStore\FileRepository\iigd_dch.inf_amd64_c73cfa60d516cb00;C:\Windows\System32\DriverStore\FileRepository\nvaci.inf_amd64_52f3e1d0b5db2a3a

VM Arguments:
jvm_args: -javaagent:C:\Program Files\JetBrains\IntelliJ IDEA Community Edition 2024.2.3\lib\idea_rt.jar=53527:C:\Program Files\JetBrains\IntelliJ IDEA Community Edition 2024.2.3\bin -Dfile.encoding=UTF-8 -Dsun.stdout.encoding=UTF-8 -Dsun.stderr.encoding=UTF-8 --module-path=C:\Users\PC\.m2\repository\org\kordamp\ikonli\ikonli-core\12.3.1\ikonli-core-12.3.1.jar;C:\Users\PC\.m2\repository\org\openjfx\javafx-graphics\21\javafx-graphics-21-win.jar;C:\Users\PC\.m2\repository\org\kordamp\ikonli\ikonli-javafx\12.3.1\ikonli-javafx-12.3.1.jar;C:\Users\PC\.m2\repository\org\jfree\jfreechart\1.5.3\jfreechart-1.5.3.jar;C:\Users\PC\.m2\repository\com\github\almasb\fxgl-scene\17.3\fxgl-scene-17.3.jar;C:\Users\PC\.m2\repository\org\kordamp\bootstrapfx\bootstrapfx-core\0.4.0\bootstrapfx-core-0.4.0.jar;C:\Users\PC\.m2\repository\org\openjfx\javafx-fxml\21\javafx-fxml-21-win.jar;C:\Users\PC\.m2\repository\org\openjfx\javafx-base\21\javafx-base-21-win.jar;C:\Users\PC\.m2\repository\org\openjfx\javafx-web\21\javafx-web-21-win.jar;C:\Users\PC\IdeaProjects\DataVisFX\target\classes;C:\Users\PC\.m2\repository\com\fasterxml\jackson\core\jackson-annotations\2.14.2\jackson-annotations-2.14.2.jar;C:\Users\PC\.m2\repository\com\github\almasb\fxgl-gameplay\17.3\fxgl-gameplay-17.3.jar;C:\Users\PC\.m2\repository\eu\hansolo\fx\countries\21.0.3\countries-21.0.3.jar;C:\Users\PC\.m2\repository\com\github\almasb\fxgl\17.3\fxgl-17.3.jar;C:\Users\PC\.m2\repository\org\controlsfx\controlsfx\11.2.1\controlsfx-11.2.1.jar;C:\Users\PC\.m2\repository\eu\hansolo\toolboxfx\21.0.3\toolboxfx-21.0.3.jar;C:\Users\PC\.m2\repository\eu\hansolo\fx\heatmap\21.0.3\heatmap-21.0.3.jar;C:\Users\PC\.m2\repository\org\jetbrains\kotlin\kotlin-stdlib\1.8.10\kotlin-stdlib-1.8.10.jar;C:\Users\PC\.m2\repository\org\openjfx\javafx-controls\21\javafx-controls-21-win.jar;C:\Users\PC\.m2\repository\com\gluonhq\attach\audio\4.0.17\audio-4.0.17.jar;C:\Users\PC\.m2\repository\com\github\almasb\fxgl-core\17.3\fxgl-core-17.3.jar;C:\Users\PC\.m2\repository\eu\hansolo\toolbox\21.0.5\toolbox-21.0.5.jar;C:\Users\PC\.m2\repository\eu\hansolo\tilesfx\21.0.3\tilesfx-21.0.3.jar;C:\Users\PC\.m2\repository\com\gluonhq\attach\util\4.0.17\util-4.0.17.jar;C:\Users\PC\.m2\repository\com\github\almasb\fxgl-en-Djdk.module.main=com.example.datavisfx 
java_command: com.example.datavisfx/com.example.datavisfx.MainApplication
java_class_path (initial): C:\Users\PC\.m2\repository\org\openjfx\javafx-controls\21\javafx-controls-21.jar;C:\Users\PC\.m2\repository\org\openjfx\javafx-graphics\21\javafx-graphics-21.jar;C:\Users\PC\.m2\repository\org\openjfx\javafx-base\21\javafx-base-21.jar;C:\Users\PC\.m2\repository\org\openjfx\javafx-fxml\21\javafx-fxml-21.jar;C:\Users\PC\.m2\repository\org\openjfx\javafx-web\21\javafx-web-21.jar;C:\Users\PC\.m2\repository\org\openjfx\javafx-swing\21\javafx-swing-21.jar;C:\Users\PC\.m2\repository\org\openjfx\javafx-media\21\javafx-media-21.jar;C:\Users\PC\.m2\repository\org\jetbrains\kotlin\kotlin-stdlib-common\1.8.10\kotlin-stdlib-common-1.8.10.jar;C:\Users\PC\.m2\repository\org\jetbrains\annotations\13.0\annotations-13.0.jar
Launcher Type: SUN_STANDARD

[Global flags]
     intx CICompilerCount                          = 12                                        {product} {ergonomic}
     uint ConcGCThreads                            = 3                                         {product} {ergonomic}
     uint G1ConcRefinementThreads                  = 13                                        {product} {ergonomic}
   size_t G1HeapRegionSize                         = 1048576                                   {product} {ergonomic}
    uintx GCDrainStackTargetSize                   = 64                                        {product} {ergonomic}
   size_t InitialHeapSize                          = 130023424                                 {product} {ergonomic}
   size_t MarkStackSize                            = 4194304                                   {product} {ergonomic}
   size_t MaxHeapSize                              = 2071986176                                {product} {ergonomic}
   size_t MaxNewSize                               = 1242562560                                {product} {ergonomic}
   size_t MinHeapDeltaBytes                        = 1048576                                   {product} {ergonomic}
   size_t MinHeapSize                              = 8388608                                   {product} {ergonomic}
    uintx NonNMethodCodeHeapSize                   = 7602480                                {pd product} {ergonomic}
    uintx NonProfiledCodeHeapSize                  = 122027880                              {pd product} {ergonomic}
    uintx ProfiledCodeHeapSize                     = 122027880                              {pd product} {ergonomic}
    uintx ReservedCodeCacheSize                    = 251658240                              {pd product} {ergonomic}
     bool SegmentedCodeCache                       = true                                      {product} {ergonomic}
   size_t SoftMaxHeapSize                          = 2071986176                             {manageable} {ergonomic}
     bool UseCompressedOops                        = true                           {product lp64_product} {ergonomic}
     bool UseG1GC                                  = true                                      {product} {ergonomic}
     bool UseLargePagesIndividualAllocation        = false                                  {pd product} {ergonomic}

Logging:
Log output configuration:
 #0: stdout all=warning uptime,level,tags foldmultilines=false
 #1: stderr all=off uptime,level,tags foldmultilines=false

Environment Variables:
PATH=C:\Program Files (x86)\VMware\VMware Player\bin\;C:\Windows\system32;C:\Windows;C:\Windows\System32\Wbem;C:\Windows\System32\WindowsPowerShell\v1.0\;C:\Windows\System32\OpenSSH\;C:\Program Files\NVIDIA Corporation\NVIDIA NvDLISR;C:\Program Files (x86)\NVIDIA Corporation\PhysX\Common;C:\Program Files\Git\cmd;C:\Program Files\PowerShell\7-preview\preview;C:\Program Files\PowerShell\7\;C:\Users\PC\AppData\Local\Microsoft\WindowsApps;C:\Users\PC\AppData\Local\Programs\Microsoft VS Code\bin;C:\Program Files\JetBrains\CLion 2023.2.1\bin;;C:\MinGW\bin;
USERNAME=PC
OS=Windows_NT
PROCESSOR_IDENTIFIER=Intel64 Family 6 Model 154 Stepping 3, GenuineIntel
TMP=C:\Users\PC\AppData\Local\Temp
TEMP=C:\Users\PC\AppData\Local\Temp




Periodic native trim disabled

---------------  S Y S T E M  ---------------

OS:
 Windows 11 , 64 bit Build 22621 (10.0.22621.3958)
OS uptime: 0 days 2:24 hours
Hyper-V role detected

CPU: total 16 (initial active 16) (8 cores per cpu, 2 threads per core) family 6 model 154 stepping 3 microcode 0x41b, cx8, cmov, fxsr, ht, mmx, 3dnowpref, sse, sse2, sse3, ssse3, sse4.1, sse4.2, popcnt, lzcnt, tsc, tscinvbit, avx, avx2, aes, erms, clmul, bmi1, bmi2, adx, sha, fma, vzeroupper, clflush, clflushopt, clwb, hv, serialize, rdtscp, rdpid, fsrm, f16c, cet_ibt, cet_ss
Processor Information for processor 0
  Max Mhz: 1700, Current Mhz: 1700, Mhz Limit: 1700
Processor Information for processor 1
  Max Mhz: 1700, Current Mhz: 1700, Mhz Limit: 1700
Processor Information for processor 2
  Max Mhz: 1700, Current Mhz: 1700, Mhz Limit: 1700
Processor Information for processor 3
  Max Mhz: 1700, Current Mhz: 1700, Mhz Limit: 1700
Processor Information for processor 4
  Max Mhz: 1700, Current Mhz: 1700, Mhz Limit: 1700
Processor Information for processor 5
  Max Mhz: 1700, Current Mhz: 1700, Mhz Limit: 1700
Processor Information for processor 6
  Max Mhz: 1700, Current Mhz: 1700, Mhz Limit: 1700
Processor Information for processor 7
  Max Mhz: 1700, Current Mhz: 1457, Mhz Limit: 1700
Processor Information for processor 8
  Max Mhz: 1700, Current Mhz: 1200, Mhz Limit: 1190
Processor Information for processor 9
  Max Mhz: 1700, Current Mhz: 1200, Mhz Limit: 1190
Processor Information for processor 10
  Max Mhz: 1700, Current Mhz: 1200, Mhz Limit: 1190
Processor Information for processor 11
  Max Mhz: 1700, Current Mhz: 1200, Mhz Limit: 1190
Processor Information for processor 12
  Max Mhz: 1700, Current Mhz: 1200, Mhz Limit: 1190
Processor Information for processor 13
  Max Mhz: 1700, Current Mhz: 1200, Mhz Limit: 1190
Processor Information for processor 14
  Max Mhz: 1700, Current Mhz: 1200, Mhz Limit: 1190
Processor Information for processor 15
  Max Mhz: 1700, Current Mhz: 1200, Mhz Limit: 1190

Memory: 4k page, system-wide physical 7896M (660M free)
TotalPageFile size 11992M (AvailPageFile size 0M)
current process WorkingSet (physical memory assigned to process): 193M, peak: 193M
current process commit charge ("private bytes"): 364M, peak: 364M

vm_info: OpenJDK 64-Bit Server VM (21.0.2+13-LTS) for windows-amd64 JRE (21.0.2+13-LTS), built on 2024-01-10T23:18:03Z by "Administrator" with MS VC++ 16.10 / 16.11 (VS2019)

END.
